<?xml version='1.0' encoding='UTF-8'?>
<testsuite hostname="Lethink" name="ExampleSpec" tests="2" errors="0" failures="0" skipped="0" time="0.046" timestamp="2024-04-19T08:11:59">
          <properties>
[...]
</properties>
          <testcase classname="ExampleSpec" name="A Set when empty should have size 0" time="0.046">
                      
                    </testcase><testcase classname="ExampleSpec" name="A Set when empty should produce NoSuchElementException when head is invoked" time="0.0">
                      
                    </testcase>
          <system-out><![CDATA[]]></system-out>
          <system-err><![CDATA[]]></system-err>
        </testsuite>