<?xml version='1.0' encoding='UTF-8'?>
<testsuite hostname="Lethink" name="StandardScoringSpec" tests="7" errors="0" failures="0" skipped="0" time="0.098" timestamp="2024-05-09T14:48:41">
          <properties>
[...]
</properties>
          <testcase classname="StandardScoringSpec" name="Logic should get the current state of the matrix" time="0.019">
                      
                    </testcase><testcase classname="StandardScoringSpec" name="Logic should turn a card and check for first card selection" time="0.011">
                      
                    </testcase><testcase classname="StandardScoringSpec" name="Logic should turn a second card and check for a match" time="0.019">
                      
                    </testcase><testcase classname="StandardScoringSpec" name="Logic should turn a second card that does not match and remove both cards" time="0.021">
                      
                    </testcase><testcase classname="StandardScoringSpec" name="Logic should not increase score when cards do not match" time="0.016">
                      
                    </testcase><testcase classname="StandardScoringSpec" name="Logic should check if the game ends when all cards are face up" time="0.01">
                      
                    </testcase><testcase classname="StandardScoringSpec" name="Logic should return the correct score" time="0.002">
                      
                    </testcase>
          <system-out><![CDATA[]]></system-out>
          <system-err><![CDATA[]]></system-err>
        </testsuite>