<?xml version='1.0' encoding='UTF-8'?>
<testsuite hostname="Lethink" name="InputHandlerSpec" tests="2" errors="0" failures="0" skipped="0" time="0.138" timestamp="2024-06-21T14:11:12">
          <properties>
[...]
</properties>
          <testcase classname="InputHandlerSpec" name="RealInputHandler should read a line of input without a prompt" time="0.116">
                      
                    </testcase><testcase classname="InputHandlerSpec" name="RealInputHandler should ask for input with a prompt and return the user input" time="0.022">
                      
                    </testcase>
          <system-out><![CDATA[]]></system-out>
          <system-err><![CDATA[]]></system-err>
        </testsuite>