<?xml version="1.0"?>
<!DOCTYPE coverage SYSTEM "https://cobertura.sourceforge.net/xml/coverage-04.dtd">
<coverage 
line-rate="0.99" lines-valid="184" lines-covered="182" branches-valid="24" branches-covered="23" branch-rate="0.96" complexity="0" version="1.0" timestamp="1715258943136">
    <sources>
        <source>--source</source>
        <source>C:/Users/leo11/OneDrive/Desktop/HTWG/AIN/Semester 3/Software-Engineering/ProjektMemory/src/main/scala</source>
    </sources>
    <packages>
        <package name="&lt;empty&gt;" line-rate="0.99" branch-rate="0.96" complexity="0">
            <classes>
                <class name="StandardMatrixFactory" filename="model\Matrix.scala" line-rate="1.00" branch-rate="1.00" complexity="0">
                    <methods>
                        <method 
                        name="&lt;empty&gt;/StandardMatrixFactory/create" signature="()V" line-rate="1.00" branch-rate="1.00" complexity="0">
                            <lines>
                                <line number="60" hits="1" branch="false"/>
                                <line number="59" hits="1" branch="false"/>
                            </lines>
</method>
                    </methods>
                    <lines>
                        <line number="60" hits="1" branch="false"/>
                        <line number="59" hits="1" branch="false"/>
                    </lines>
                </class>
                <class name="RandomMatrixFactory" filename="model\Matrix.scala" line-rate="1.00" branch-rate="1.00" complexity="0">
                    <methods>
                        <method 
                        name="&lt;empty&gt;/RandomMatrixFactory/create" signature="()V" line-rate="1.00" branch-rate="1.00" complexity="0">
                            <lines>
                                <line number="68" hits="1" branch="false"/>
                                <line number="68" hits="1" branch="false"/>
                                <line number="69" hits="1" branch="false"/>
                                <line number="67" hits="1" branch="false"/>
                            </lines>
</method>
                    </methods>
                    <lines>
                        <line number="68" hits="1" branch="false"/>
                        <line number="68" hits="1" branch="false"/>
                        <line number="69" hits="1" branch="false"/>
                        <line number="67" hits="1" branch="false"/>
                    </lines>
                </class>
                <class name="Tui.RestartGameCommand" filename="aview\tui.scala" line-rate="1.00" branch-rate="1.00" complexity="0">
                    <methods>
                        <method 
                        name="&lt;empty&gt;/RestartGameCommand/execute" signature="()V" line-rate="1.00" branch-rate="1.00" complexity="0">
                            <lines>
                                <line number="20" hits="1" branch="false"/>
                                <line number="19" hits="1" branch="false"/>
                                <line number="20" hits="1" branch="false"/>
                            </lines>
</method>
                    </methods>
                    <lines>
                        <line number="20" hits="1" branch="false"/>
                        <line number="19" hits="1" branch="false"/>
                        <line number="20" hits="1" branch="false"/>
                    </lines>
                </class>
                <class name="Tui.QuitGameCommand" filename="aview\tui.scala" line-rate="1.00" branch-rate="1.00" complexity="0">
                    <methods>
                        <method 
                        name="&lt;empty&gt;/QuitGameCommand/execute" signature="()V" line-rate="1.00" branch-rate="1.00" complexity="0">
                            <lines>
                                <line number="27" hits="1" branch="false"/>
                                <line number="26" hits="1" branch="false"/>
                            </lines>
</method>
                    </methods>
                    <lines>
                        <line number="27" hits="1" branch="false"/>
                        <line number="26" hits="1" branch="false"/>
                    </lines>
                </class>
                <class name="FaceUpState" filename="model\Card.scala" line-rate="1.00" branch-rate="1.00" complexity="0">
                    <methods>
                        <method name="&lt;empty&gt;/FaceUpState/isFaceUp" signature="()V" line-rate="1.00" branch-rate="1.00" complexity="0">
                            <lines>
                                <line number="11" hits="2" branch="false"/>
                            </lines>
                        </method>
                        <method name="&lt;empty&gt;/FaceUpState/display" signature="()V" line-rate="1.00" branch-rate="1.00" complexity="0">
                            <lines>
                                <line number="10" hits="1" branch="false"/>
                            </lines>
                        </method>
                        <method name="&lt;empty&gt;/FaceUpState/click" signature="()V" line-rate="1.00" branch-rate="1.00" complexity="0">
                            <lines>
                                <line number="9" hits="1" branch="false"/>
                            </lines>
                        </method>
                    </methods>
                    <lines>
                        <line number="11" hits="2" branch="false"/>
                        <line number="10" hits="1" branch="false"/>
                        <line number="9" hits="1" branch="false"/>
                    </lines>
                </class>
                <class name="Card" filename="model\Card.scala" line-rate="1.00" branch-rate="1.00" complexity="0">
                    <methods>
                        <method name="&lt;empty&gt;/Card/turnCard" signature="()V" line-rate="1.00" branch-rate="1.00" complexity="0">
                            <lines>
                                <line number="23" hits="1" branch="true"/>
                                <line number="24" hits="1" branch="true"/>
                                <line number="23" hits="2" branch="false"/>
                                <line number="23" hits="1" branch="false"/>
                                <line number="24" hits="1" branch="false"/>
                            </lines>
                        </method>
                        <method name="&lt;empty&gt;/Card/toString" signature="()V" line-rate="1.00" branch-rate="1.00" complexity="0">
                            <lines>
                                <line number="27" hits="1" branch="false"/>
                            </lines>
                        </method>
                        <method name="&lt;empty&gt;/Card/isFaceUp" signature="()V" line-rate="1.00" branch-rate="1.00" complexity="0">
                            <lines>
                                <line number="26" hits="1" branch="false"/>
                            </lines>
                        </method>
                    </methods>
                    <lines>
                        <line number="23" hits="1" branch="true"/>
                        <line number="24" hits="1" branch="true"/>
                        <line number="23" hits="2" branch="false"/>
                        <line number="23" hits="1" branch="false"/>
                        <line number="24" hits="1" branch="false"/>
                        <line number="27" hits="1" branch="false"/>
                        <line number="26" hits="1" branch="false"/>
                    </lines>
                </class>
                <class name="Tui" filename="aview\tui.scala" line-rate="1.00" branch-rate="1.00" complexity="0">
                    <methods>
                        <method name="&lt;empty&gt;/Tui/update" signature="()V" line-rate="1.00" branch-rate="1.00" complexity="0">
                            <lines>
                                <line number="10" hits="1" branch="false"/>
                            </lines>
                        </method>
                        <method name="&lt;empty&gt;/Tui/endGamePrompt" signature="()V" line-rate="1.00" branch-rate="1.00" complexity="0">
                            <lines>
                                <line number="35" hits="1" branch="true"/>
                                <line number="38" hits="1" branch="true"/>
                                <line number="36" hits="1" branch="false"/>
                                <line number="33" hits="1" branch="false"/>
                                <line number="42" hits="1" branch="true"/>
                                <line number="37" hits="1" branch="false"/>
                                <line number="40" hits="1" branch="false"/>
                                <line number="39" hits="1" branch="false"/>
                                <line number="42" hits="1" branch="false"/>
                                <line number="32" hits="1" branch="false"/>
                                <line number="36" hits="1" branch="false"/>
                            </lines>
                        </method>
                        <method name="&lt;empty&gt;/Tui/run" signature="()V" line-rate="1.00" branch-rate="1.00" complexity="0">
                            <lines>
                                <line number="48" hits="1" branch="false"/>
                                <line number="55" hits="1" branch="true"/>
                                <line number="47" hits="1" branch="true"/>
                                <line number="55" hits="1" branch="false"/>
                                <line number="49" hits="1" branch="true"/>
                                <line number="49" hits="1" branch="false"/>
                                <line number="55" hits="1" branch="false"/>
                                <line number="49" hits="1" branch="false"/>
                            </lines>
                        </method>
                        <method name="&lt;empty&gt;/Tui/&lt;none&gt;" signature="()V" line-rate="1.00" branch-rate="1.00" complexity="0">
                            <lines>
                                <line number="6" hits="1" branch="false"/>
                                <line number="5" hits="1" branch="false"/>
                            </lines>
                        </method>
                        <method name="&lt;empty&gt;/Tui/displayMessage" signature="()V" line-rate="1.00" branch-rate="1.00" complexity="0">
                            <lines>
                                <line number="60" hits="1" branch="false"/>
                            </lines>
                        </method>
                    </methods>
                    <lines>
                        <line number="48" hits="1" branch="false"/>
                        <line number="55" hits="1" branch="true"/>
                        <line number="35" hits="1" branch="true"/>
                        <line number="47" hits="1" branch="true"/>
                        <line number="38" hits="1" branch="true"/>
                        <line number="6" hits="1" branch="false"/>
                        <line number="36" hits="1" branch="false"/>
                        <line number="33" hits="1" branch="false"/>
                        <line number="5" hits="1" branch="false"/>
                        <line number="42" hits="1" branch="true"/>
                        <line number="55" hits="1" branch="false"/>
                        <line number="37" hits="1" branch="false"/>
                        <line number="40" hits="1" branch="false"/>
                        <line number="49" hits="1" branch="true"/>
                        <line number="49" hits="1" branch="false"/>
                        <line number="39" hits="1" branch="false"/>
                        <line number="42" hits="1" branch="false"/>
                        <line number="32" hits="1" branch="false"/>
                        <line number="55" hits="1" branch="false"/>
                        <line number="36" hits="1" branch="false"/>
                        <line number="60" hits="1" branch="false"/>
                        <line number="49" hits="1" branch="false"/>
                        <line number="10" hits="1" branch="false"/>
                    </lines>
                </class>
                <class name="StandardScoring" filename="model\Logic.scala" line-rate="1.00" branch-rate="1.00" complexity="0">
                    <methods>
                        <method 
                        name="&lt;empty&gt;/StandardScoring/calculateScore" signature="()V" line-rate="1.00" branch-rate="1.00" complexity="0">
                            <lines>
                                <line number="64" hits="1" branch="false"/>
                                <line number="65" hits="1" branch="true"/>
                                <line number="64" hits="1" branch="true"/>
                            </lines>
</method>
                    </methods>
                    <lines>
                        <line number="64" hits="1" branch="false"/>
                        <line number="65" hits="1" branch="true"/>
                        <line number="64" hits="1" branch="true"/>
                    </lines>
                </class>
                <class name="BonusScoring" filename="model\Logic.scala" line-rate="1.00" branch-rate="1.00" complexity="0">
                    <methods>
                        <method 
                        name="&lt;empty&gt;/BonusScoring/calculateScore" signature="()V" line-rate="1.00" branch-rate="1.00" complexity="0">
                            <lines>
                                <line number="71" hits="1" branch="false"/>
                                <line number="71" hits="1" branch="true"/>
                                <line number="71" hits="1" branch="false"/>
                                <line number="71" hits="1" branch="false"/>
                                <line number="72" hits="1" branch="true"/>
                            </lines>
</method>
                    </methods>
                    <lines>
                        <line number="71" hits="1" branch="false"/>
                        <line number="71" hits="1" branch="true"/>
                        <line number="71" hits="1" branch="false"/>
                        <line number="71" hits="1" branch="false"/>
                        <line number="72" hits="1" branch="true"/>
                    </lines>
                </class>
                <class name="Controller" filename="controller\Controller.scala" line-rate="1.00" branch-rate="1.00" complexity="0">
                    <methods>
                        <method 
                        name="&lt;empty&gt;/Controller/withNotification" signature="()V" line-rate="1.00" branch-rate="1.00" complexity="0">
                            <lines>
                                <line number="11" hits="1" branch="false"/>
                            </lines>
</method>
                        <method 
                        name="&lt;empty&gt;/Controller/GameStarting" signature="()V" line-rate="1.00" branch-rate="1.00" complexity="0">
                            <lines>
                                <line number="19" hits="1" branch="false"/>
                                <line number="15" hits="1" branch="false"/>
                                <line number="20" hits="1" branch="false"/>
                                <line number="16" hits="1" branch="false"/>
                                <line number="21" hits="1" branch="false"/>
                                <line number="18" hits="1" branch="false"/>
                            </lines>
</method>
                        <method 
                        name="&lt;empty&gt;/Controller/updateGameView" signature="()V" line-rate="1.00" branch-rate="1.00" complexity="0">
                            <lines>
                                <line number="125" hits="1" branch="false"/>
                                <line number="124" hits="1" branch="false"/>
                                <line number="120" hits="1" branch="false"/>
                            </lines>
</method>
                        <method name="&lt;empty&gt;/Controller/greetPlayer" signature="()V" line-rate="1.00" branch-rate="1.00" complexity="0">
                            <lines>
                                <line number="116" hits="1" branch="false"/>
                                <line number="115" hits="1" branch="false"/>
                            </lines>
                        </method>
                        <method 
                        name="&lt;empty&gt;/Controller/&lt;none&gt;" signature="()V" line-rate="1.00" branch-rate="1.00" complexity="0">
                            <lines>
                                <line number="6" hits="1" branch="false"/>
                            </lines>
</method>
                    </methods>
                    <lines>
                        <line number="116" hits="1" branch="false"/>
                        <line number="125" hits="1" branch="false"/>
                        <line number="19" hits="1" branch="false"/>
                        <line number="11" hits="1" branch="false"/>
                        <line number="115" hits="1" branch="false"/>
                        <line number="15" hits="1" branch="false"/>
                        <line number="20" hits="1" branch="false"/>
                        <line number="124" hits="1" branch="false"/>
                        <line number="6" hits="1" branch="false"/>
                        <line number="120" hits="1" branch="false"/>
                        <line number="16" hits="1" branch="false"/>
                        <line number="21" hits="1" branch="false"/>
                        <line number="18" hits="1" branch="false"/>
                    </lines>
                </class>
                <class name="FaceDownState" filename="model\Card.scala" line-rate="1.00" branch-rate="1.00" complexity="0">
                    <methods>
                        <method name="&lt;empty&gt;/FaceDownState/isFaceUp" signature="()V" line-rate="1.00" branch-rate="1.00" complexity="0">
                            <lines>
                                <line number="17" hits="1" branch="false"/>
                            </lines>
                        </method>
                        <method name="&lt;empty&gt;/FaceDownState/display" signature="()V" line-rate="1.00" branch-rate="1.00" complexity="0">
                            <lines>
                                <line number="16" hits="1" branch="false"/>
                            </lines>
                        </method>
                        <method name="&lt;empty&gt;/FaceDownState/click" signature="()V" line-rate="1.00" branch-rate="1.00" complexity="0">
                            <lines>
                                <line number="15" hits="1" branch="false"/>
                            </lines>
                        </method>
                    </methods>
                    <lines>
                        <line number="17" hits="1" branch="false"/>
                        <line number="16" hits="1" branch="false"/>
                        <line number="15" hits="1" branch="false"/>
                    </lines>
                </class>
                <class name="Logic" filename="model\Logic.scala" line-rate="0.97" branch-rate="0.90" complexity="0">
                    <methods>
                        <method name="&lt;empty&gt;/Logic/removeCards" signature="()V" line-rate="1.00" branch-rate="1.00" complexity="0">
                            <lines>
                                <line number="41" hits="1" branch="false"/>
                                <line number="40" hits="1" branch="false"/>
                                <line number="43" hits="1" branch="false"/>
                                <line number="47" hits="1" branch="false"/>
                                <line number="42" hits="1" branch="false"/>
                                <line number="46" hits="1" branch="false"/>
                            </lines>
                        </method>
                        <method name="&lt;empty&gt;/Logic/checkCards" signature="()V" line-rate="1.00" branch-rate="1.00" complexity="0">
                            <lines>
                                <line number="35" hits="1" branch="false"/>
                                <line number="29" hits="2" branch="false"/>
                                <line number="28" hits="2" branch="false"/>
                                <line number="30" hits="2" branch="false"/>
                                <line number="34" hits="1" branch="false"/>
                                <line number="29" hits="2" branch="true"/>
                                <line number="27" hits="2" branch="false"/>
                                <line number="33" hits="2" branch="true"/>
                                <line number="29" hits="2" branch="false"/>
                                <line number="32" hits="1" branch="false"/>
                            </lines>
                        </method>
                        <method name="&lt;empty&gt;/Logic/turnCard" signature="()V" line-rate="0.94" branch-rate="0.88" complexity="0">
                            <lines>
                                <line number="19" hits="1" branch="false"/>
                                <line number="10" hits="0" branch="true"/>
                                <line number="14" hits="2" branch="false"/>
                                <line number="17" hits="1" branch="false"/>
                                <line number="19" hits="1" branch="true"/>
                                <line number="16" hits="1" branch="false"/>
                                <line number="18" hits="1" branch="false"/>
                                <line number="9" hits="1" branch="false"/>
                                <line number="19" hits="1" branch="false"/>
                                <line number="18" hits="1" branch="false"/>
                                <line number="11" hits="1" branch="false"/>
                                <line number="16" hits="1" branch="false"/>
                                <line number="18" hits="1" branch="false"/>
                                <line number="20" hits="1" branch="false"/>
                                <line number="10" hits="0" branch="false"/>
                                <line number="17" hits="1" branch="true"/>
                                <line number="19" hits="1" branch="false"/>
                                <line number="14" hits="2" branch="false"/>
                                <line number="14" hits="2" branch="true"/>
                                <line number="10" hits="1" branch="true"/>
                                <line number="14" hits="2" branch="false"/>
                                <line number="19" hits="1" branch="true"/>
                                <line number="17" hits="1" branch="true"/>
                                <line number="18" hits="1" branch="false"/>
                                <line number="20" hits="1" branch="false"/>
                                <line number="10" hits="1" branch="false"/>
                                <line number="16" hits="2" branch="false"/>
                                <line number="19" hits="1" branch="false"/>
                                <line number="13" hits="2" branch="false"/>
                                <line number="17" hits="1" branch="false"/>
                                <line number="12" hits="2" branch="false"/>
                                <line number="15" hits="1" branch="true"/>
                                <line number="19" hits="1" branch="false"/>
                                <line number="17" hits="1" branch="false"/>
                            </lines>
                        </method>
                        <method name="&lt;empty&gt;/Logic/checkGameEnd" signature="()V" line-rate="1.00" branch-rate="1.00" complexity="0">
                            <lines>
                                <line number="52" hits="1" branch="false"/>
                                <line number="52" hits="1" branch="false"/>
                                <line number="52" hits="1" branch="false"/>
                                <line number="52" hits="1" branch="false"/>
                                <line number="52" hits="1" branch="false"/>
                            </lines>
                        </method>
                        <method name="&lt;empty&gt;/Logic/&lt;none&gt;" signature="()V" line-rate="1.00" branch-rate="1.00" complexity="0">
                            <lines>
                                <line number="3" hits="2" branch="false"/>
                                <line number="2" hits="2" branch="false"/>
                                <line number="4" hits="2" branch="false"/>
                            </lines>
                        </method>
                        <method name="&lt;empty&gt;/Logic/getScore" signature="()V" line-rate="1.00" branch-rate="1.00" complexity="0">
                            <lines>
                                <line number="55" hits="1" branch="false"/>
                            </lines>
                        </method>
                        <method name="&lt;empty&gt;/Logic/getMatrix" signature="()V" line-rate="1.00" branch-rate="1.00" complexity="0">
                            <lines>
                                <line number="6" hits="1" branch="false"/>
                            </lines>
                        </method>
                    </methods>
                    <lines>
                        <line number="3" hits="2" branch="false"/>
                        <line number="52" hits="1" branch="false"/>
                        <line number="19" hits="1" branch="false"/>
                        <line number="35" hits="1" branch="false"/>
                        <line number="10" hits="0" branch="true"/>
                        <line number="14" hits="2" branch="false"/>
                        <line number="17" hits="1" branch="false"/>
                        <line number="41" hits="1" branch="false"/>
                        <line number="19" hits="1" branch="true"/>
                        <line number="16" hits="1" branch="false"/>
                        <line number="18" hits="1" branch="false"/>
                        <line number="29" hits="2" branch="false"/>
                        <line number="9" hits="1" branch="false"/>
                        <line number="40" hits="1" branch="false"/>
                        <line number="28" hits="2" branch="false"/>
                        <line number="19" hits="1" branch="false"/>
                        <line number="18" hits="1" branch="false"/>
                        <line number="52" hits="1" branch="false"/>
                        <line number="11" hits="1" branch="false"/>
                        <line number="16" hits="1" branch="false"/>
                        <line number="18" hits="1" branch="false"/>
                        <line number="20" hits="1" branch="false"/>
                        <line number="30" hits="2" branch="false"/>
                        <line number="43" hits="1" branch="false"/>
                        <line number="10" hits="0" branch="false"/>
                        <line number="17" hits="1" branch="true"/>
                        <line number="19" hits="1" branch="false"/>
                        <line number="52" hits="1" branch="false"/>
                        <line number="34" hits="1" branch="false"/>
                        <line number="2" hits="2" branch="false"/>
                        <line number="14" hits="2" branch="false"/>
                        <line number="6" hits="1" branch="false"/>
                        <line number="14" hits="2" branch="true"/>
                        <line number="29" hits="2" branch="true"/>
                        <line number="10" hits="1" branch="true"/>
                        <line number="47" hits="1" branch="false"/>
                        <line number="4" hits="2" branch="false"/>
                        <line number="14" hits="2" branch="false"/>
                        <line number="19" hits="1" branch="true"/>
                        <line number="27" hits="2" branch="false"/>
                        <line number="17" hits="1" branch="true"/>
                        <line number="33" hits="2" branch="true"/>
                        <line number="52" hits="1" branch="false"/>
                        <line number="29" hits="2" branch="false"/>
                        <line number="18" hits="1" branch="false"/>
                        <line number="20" hits="1" branch="false"/>
                        <line number="10" hits="1" branch="false"/>
                        <line number="16" hits="2" branch="false"/>
                        <line number="55" hits="1" branch="false"/>
                        <line number="42" hits="1" branch="false"/>
                        <line number="19" hits="1" branch="false"/>
                        <line number="13" hits="2" branch="false"/>
                        <line number="17" hits="1" branch="false"/>
                        <line number="52" hits="1" branch="false"/>
                        <line number="32" hits="1" branch="false"/>
                        <line number="12" hits="2" branch="false"/>
                        <line number="15" hits="1" branch="true"/>
                        <line number="19" hits="1" branch="false"/>
                        <line number="17" hits="1" branch="false"/>
                        <line number="46" hits="1" branch="false"/>
                    </lines>
                </class>
                <class name="Matrix" filename="model\Matrix.scala" line-rate="1.00" branch-rate="1.00" complexity="0">
                    <methods>
                        <method name="&lt;empty&gt;/Matrix/&lt;none&gt;" signature="()V" line-rate="1.00" branch-rate="1.00" complexity="0">
                            <lines>
                                <line number="6" hits="2" branch="false"/>
                                <line number="6" hits="2" branch="false"/>
                                <line number="6" hits="1" branch="false"/>
                                <line number="6" hits="2" branch="false"/>
                            </lines>
                        </method>
                        <method 
                        name="&lt;empty&gt;/Matrix/initializeWithCards" signature="()V" line-rate="1.00" branch-rate="1.00" complexity="0">
                            <lines>
                                <line number="19" hits="1" branch="false"/>
                                <line number="19" hits="1" branch="false"/>
                                <line number="20" hits="1" branch="false"/>
                                <line number="17" hits="1" branch="false"/>
                                <line number="19" hits="1" branch="false"/>
                                <line number="17" hits="1" branch="false"/>
                                <line number="19" hits="1" branch="false"/>
                                <line number="19" hits="1" branch="false"/>
                                <line number="17" hits="1" branch="false"/>
                                <line number="21" hits="1" branch="false"/>
                                <line number="20" hits="1" branch="false"/>
                                <line number="17" hits="1" branch="false"/>
                                <line number="18" hits="1" branch="false"/>
                                <line number="19" hits="1" branch="false"/>
                            </lines>
</method>
                        <method name="&lt;empty&gt;/Matrix/apply" signature="()V" line-rate="1.00" branch-rate="1.00" complexity="0">
                            <lines>
                                <line number="8" hits="1" branch="false"/>
                            </lines>
                        </method>
                        <method name="&lt;empty&gt;/Matrix/toString" signature="()V" line-rate="1.00" branch-rate="1.00" complexity="0">
                            <lines>
                                <line number="12" hits="1" branch="false"/>
                            </lines>
                        </method>
                        <method name="&lt;empty&gt;/Matrix/getGrid" signature="()V" line-rate="1.00" branch-rate="1.00" complexity="0">
                            <lines>
                                <line number="26" hits="1" branch="false"/>
                            </lines>
                        </method>
                        <method name="&lt;empty&gt;/Matrix/setupMatrix" signature="()V" line-rate="1.00" branch-rate="1.00" complexity="0">
                            <lines>
                                <line number="47" hits="1" branch="false"/>
                                <line number="42" hits="1" branch="false"/>
                                <line number="47" hits="1" branch="false"/>
                                <line number="41" hits="1" branch="false"/>
                                <line number="49" hits="1" branch="false"/>
                                <line number="46" hits="1" branch="false"/>
                                <line number="47" hits="1" branch="false"/>
                                <line number="47" hits="1" branch="false"/>
                                <line number="47" hits="1" branch="false"/>
                                <line number="41" hits="1" branch="false"/>
                                <line number="49" hits="1" branch="false"/>
                                <line number="42" hits="1" branch="false"/>
                                <line number="40" hits="1" branch="false"/>
                                <line number="46" hits="1" branch="false"/>
                                <line number="47" hits="1" branch="false"/>
                                <line number="41" hits="1" branch="false"/>
                            </lines>
                        </method>
                        <method name="&lt;empty&gt;/Matrix/update" signature="()V" line-rate="1.00" branch-rate="1.00" complexity="0">
                            <lines>
                                <line number="9" hits="2" branch="false"/>
                            </lines>
                        </method>
                        <method name="&lt;empty&gt;/Matrix/select" signature="()V" line-rate="1.00" branch-rate="1.00" complexity="0">
                            <lines>
                                <line number="31" hits="1" branch="false"/>
                                <line number="29" hits="1" branch="false"/>
                                <line number="32" hits="1" branch="false"/>
                                <line number="33" hits="1" branch="true"/>
                                <line number="33" hits="1" branch="false"/>
                                <line number="32" hits="1" branch="false"/>
                                <line number="30" hits="1" branch="true"/>
                            </lines>
                        </method>
                    </methods>
                    <lines>
                        <line number="19" hits="1" branch="false"/>
                        <line number="9" hits="2" branch="false"/>
                        <line number="47" hits="1" branch="false"/>
                        <line number="42" hits="1" branch="false"/>
                        <line number="31" hits="1" branch="false"/>
                        <line number="47" hits="1" branch="false"/>
                        <line number="41" hits="1" branch="false"/>
                        <line number="19" hits="1" branch="false"/>
                        <line number="29" hits="1" branch="false"/>
                        <line number="49" hits="1" branch="false"/>
                        <line number="46" hits="1" branch="false"/>
                        <line number="20" hits="1" branch="false"/>
                        <line number="17" hits="1" branch="false"/>
                        <line number="32" hits="1" branch="false"/>
                        <line number="47" hits="1" branch="false"/>
                        <line number="19" hits="1" branch="false"/>
                        <line number="17" hits="1" branch="false"/>
                        <line number="6" hits="2" branch="false"/>
                        <line number="33" hits="1" branch="true"/>
                        <line number="8" hits="1" branch="false"/>
                        <line number="47" hits="1" branch="false"/>
                        <line number="33" hits="1" branch="false"/>
                        <line number="19" hits="1" branch="false"/>
                        <line number="6" hits="2" branch="false"/>
                        <line number="47" hits="1" branch="false"/>
                        <line number="26" hits="1" branch="false"/>
                        <line number="41" hits="1" branch="false"/>
                        <line number="49" hits="1" branch="false"/>
                        <line number="19" hits="1" branch="false"/>
                        <line number="12" hits="1" branch="false"/>
                        <line number="42" hits="1" branch="false"/>
                        <line number="32" hits="1" branch="false"/>
                        <line number="17" hits="1" branch="false"/>
                        <line number="6" hits="1" branch="false"/>
                        <line number="21" hits="1" branch="false"/>
                        <line number="20" hits="1" branch="false"/>
                        <line number="40" hits="1" branch="false"/>
                        <line number="46" hits="1" branch="false"/>
                        <line number="17" hits="1" branch="false"/>
                        <line number="30" hits="1" branch="true"/>
                        <line number="6" hits="2" branch="false"/>
                        <line number="47" hits="1" branch="false"/>
                        <line number="41" hits="1" branch="false"/>
                        <line number="18" hits="1" branch="false"/>
                        <line number="19" hits="1" branch="false"/>
                    </lines>
                </class>
            </classes>
        </package>
        <package name="util" line-rate="1.00" branch-rate="1.00" complexity="0">
            <classes>
                <class name="util.Observable" filename="util\Observable.scala" line-rate="1.00" branch-rate="1.00" complexity="0">
                    <methods>
                        <method name="util/Observable/remove" signature="()V" line-rate="1.00" branch-rate="1.00" complexity="0">
                            <lines>
                                <line number="12" hits="1" branch="false"/>
                                <line number="12" hits="1" branch="false"/>
                                <line number="12" hits="1" branch="false"/>
                            </lines>
                        </method>
                        <method name="util/Observable/notifyObservers" signature="()V" line-rate="1.00" branch-rate="1.00" complexity="0">
                            <lines>
                                <line number="14" hits="1" branch="false"/>
                                <line number="14" hits="1" branch="false"/>
                            </lines>
                        </method>
                        <method name="util/Observable/add" signature="()V" line-rate="1.00" branch-rate="1.00" complexity="0">
                            <lines>
                                <line number="10" hits="1" branch="false"/>
                                <line number="10" hits="1" branch="false"/>
                            </lines>
                        </method>
                        <method name="util/Observable/&lt;none&gt;" signature="()V" line-rate="1.00" branch-rate="1.00" complexity="0">
                            <lines>
                                <line number="8" hits="1" branch="false"/>
                            </lines>
                        </method>
                    </methods>
                    <lines>
                        <line number="12" hits="1" branch="false"/>
                        <line number="14" hits="1" branch="false"/>
                        <line number="10" hits="1" branch="false"/>
                        <line number="8" hits="1" branch="false"/>
                        <line number="12" hits="1" branch="false"/>
                        <line number="14" hits="1" branch="false"/>
                        <line number="12" hits="1" branch="false"/>
                        <line number="10" hits="1" branch="false"/>
                    </lines>
                </class>
                <class 
                name="util.RealInputHandler" filename="util\InputHandler.scala" line-rate="1.00" branch-rate="1.00" complexity="0">
                    <methods>
                        <method name="util/RealInputHandler/askForInput" signature="()V" line-rate="1.00" branch-rate="1.00" complexity="0">
                            <lines>
                                <line number="13" hits="1" branch="false"/>
                                <line number="14" hits="1" branch="false"/>
                            </lines>
                        </method>
                        <method name="util/RealInputHandler/readLine" signature="()V" line-rate="1.00" branch-rate="1.00" complexity="0">
                            <lines>
                                <line number="10" hits="1" branch="false"/>
                            </lines>
                        </method>
                    </methods>
                    <lines>
                        <line number="13" hits="1" branch="false"/>
                        <line number="10" hits="1" branch="false"/>
                        <line number="14" hits="1" branch="false"/>
                    </lines>
</class>
            </classes>
        </package>
    </packages>
</coverage>
