<?xml version="1.0"?>
<!DOCTYPE coverage SYSTEM "https://cobertura.sourceforge.net/xml/coverage-04.dtd">
<coverage 
line-rate="1.00" lines-valid="62" lines-covered="62" branches-valid="9" branches-covered="9" branch-rate="1.00" complexity="0" version="1.0" timestamp="1713880784943">
    <sources>
        <source>--source</source>
        <source>C:/Users/leo11/OneDrive/Desktop/HTWG/AIN/Semester 3/Software-Engineering/ProjektMemory/src/main/scala</source>
    </sources>
    <packages>
        <package name="&lt;empty&gt;" line-rate="1.00" branch-rate="1.00" complexity="0">
            <classes>
                <class name="Memory.MemoryInput" filename="Memory.scala" line-rate="1.00" branch-rate="1.00" complexity="0">
                    <methods>
                        <method 
                        name="&lt;empty&gt;/MemoryInput/checkPlayerCount" signature="()V" line-rate="1.00" branch-rate="1.00" complexity="0">
                            <lines>
                                <line number="41" hits="1" branch="true"/>
                                <line number="40" hits="1" branch="true"/>
                                <line number="40" hits="1" branch="false"/>
                                <line number="41" hits="1" branch="false"/>
                                <line number="41" hits="1" branch="false"/>
                            </lines>
</method>
                        <method 
                        name="&lt;empty&gt;/MemoryInput/GameStarting" signature="()V" line-rate="1.00" branch-rate="1.00" complexity="0">
                            <lines>
                                <line number="24" hits="1" branch="true"/>
                                <line number="22" hits="1" branch="false"/>
                                <line number="29" hits="1" branch="false"/>
                                <line number="24" hits="1" branch="false"/>
                                <line number="23" hits="1" branch="false"/>
                                <line number="21" hits="1" branch="false"/>
                                <line number="28" hits="1" branch="false"/>
                                <line number="27" hits="1" branch="false"/>
                                <line number="25" hits="1" branch="false"/>
                                <line number="22" hits="1" branch="false"/>
                            </lines>
</method>
                        <method 
                        name="&lt;empty&gt;/MemoryInput/askPlayerCount" signature="()V" line-rate="1.00" branch-rate="1.00" complexity="0">
                            <lines>
                                <line number="35" hits="1" branch="false"/>
                                <line number="33" hits="2" branch="false"/>
                                <line number="35" hits="2" branch="true"/>
                                <line number="35" hits="2" branch="false"/>
                                <line number="35" hits="2" branch="false"/>
                                <line number="35" hits="2" branch="false"/>
                                <line number="34" hits="1" branch="false"/>
                                <line number="32" hits="1" branch="false"/>
                                <line number="34" hits="1" branch="false"/>
                                <line number="35" hits="2" branch="false"/>
                                <line number="35" hits="1" branch="true"/>
                            </lines>
</method>
                        <method 
                        name="&lt;empty&gt;/MemoryInput/greetPlayer" signature="()V" line-rate="1.00" branch-rate="1.00" complexity="0">
                            <lines>
                                <line number="57" hits="1" branch="false"/>
                            </lines>
</method>
                        <method 
                        name="&lt;empty&gt;/MemoryInput/askPlayerName" signature="()V" line-rate="1.00" branch-rate="1.00" complexity="0">
                            <lines>
                                <line number="53" hits="1" branch="false"/>
                                <line number="52" hits="1" branch="false"/>
                            </lines>
</method>
                        <method name="&lt;empty&gt;/MemoryInput/runApp" signature="()V" line-rate="1.00" branch-rate="1.00" complexity="0">
                            <lines>
                                <line number="16" hits="1" branch="false"/>
                                <line number="13" hits="1" branch="false"/>
                                <line number="15" hits="1" branch="true"/>
                                <line number="15" hits="1" branch="false"/>
                                <line number="16" hits="1" branch="true"/>
                            </lines>
                        </method>
                        <method 
                        name="&lt;empty&gt;/MemoryInput/askCardCount" signature="()V" line-rate="1.00" branch-rate="1.00" complexity="0">
                            <lines>
                                <line number="48" hits="1" branch="false"/>
                                <line number="46" hits="1" branch="false"/>
                                <line number="47" hits="1" branch="true"/>
                                <line number="47" hits="1" branch="false"/>
                                <line number="47" hits="1" branch="true"/>
                                <line number="46" hits="1" branch="false"/>
                                <line number="44" hits="1" branch="false"/>
                                <line number="47" hits="1" branch="false"/>
                                <line number="47" hits="1" branch="false"/>
                                <line number="45" hits="1" branch="false"/>
                            </lines>
</method>
                    </methods>
                    <lines>
                        <line number="16" hits="1" branch="false"/>
                        <line number="48" hits="1" branch="false"/>
                        <line number="24" hits="1" branch="true"/>
                        <line number="35" hits="1" branch="false"/>
                        <line number="41" hits="1" branch="true"/>
                        <line number="53" hits="1" branch="false"/>
                        <line number="46" hits="1" branch="false"/>
                        <line number="33" hits="2" branch="false"/>
                        <line number="35" hits="2" branch="true"/>
                        <line number="22" hits="1" branch="false"/>
                        <line number="47" hits="1" branch="true"/>
                        <line number="29" hits="1" branch="false"/>
                        <line number="35" hits="2" branch="false"/>
                        <line number="40" hits="1" branch="true"/>
                        <line number="13" hits="1" branch="false"/>
                        <line number="40" hits="1" branch="false"/>
                        <line number="47" hits="1" branch="false"/>
                        <line number="47" hits="1" branch="true"/>
                        <line number="35" hits="2" branch="false"/>
                        <line number="41" hits="1" branch="false"/>
                        <line number="15" hits="1" branch="true"/>
                        <line number="24" hits="1" branch="false"/>
                        <line number="46" hits="1" branch="false"/>
                        <line number="35" hits="2" branch="false"/>
                        <line number="23" hits="1" branch="false"/>
                        <line number="21" hits="1" branch="false"/>
                        <line number="52" hits="1" branch="false"/>
                        <line number="34" hits="1" branch="false"/>
                        <line number="28" hits="1" branch="false"/>
                        <line number="44" hits="1" branch="false"/>
                        <line number="57" hits="1" branch="false"/>
                        <line number="47" hits="1" branch="false"/>
                        <line number="32" hits="1" branch="false"/>
                        <line number="27" hits="1" branch="false"/>
                        <line number="34" hits="1" branch="false"/>
                        <line number="47" hits="1" branch="false"/>
                        <line number="15" hits="1" branch="false"/>
                        <line number="41" hits="1" branch="false"/>
                        <line number="25" hits="1" branch="false"/>
                        <line number="35" hits="2" branch="false"/>
                        <line number="35" hits="1" branch="true"/>
                        <line number="45" hits="1" branch="false"/>
                        <line number="16" hits="1" branch="true"/>
                        <line number="22" hits="1" branch="false"/>
                    </lines>
                </class>
                <class name="Matrix" filename="Matrix.scala" line-rate="1.00" branch-rate="1.00" complexity="0">
                    <methods>
                        <method name="&lt;empty&gt;/Matrix/&lt;none&gt;" signature="()V" line-rate="1.00" branch-rate="1.00" complexity="0">
                            <lines>
                                <line number="5" hits="1" branch="false"/>
                                <line number="5" hits="1" branch="false"/>
                                <line number="5" hits="1" branch="false"/>
                                <line number="5" hits="1" branch="false"/>
                            </lines>
                        </method>
                        <method name="&lt;empty&gt;/Matrix/apply" signature="()V" line-rate="1.00" branch-rate="1.00" complexity="0">
                            <lines>
                                <line number="7" hits="1" branch="false"/>
                            </lines>
                        </method>
                        <method name="&lt;empty&gt;/Matrix/toString" signature="()V" line-rate="1.00" branch-rate="1.00" complexity="0">
                            <lines>
                                <line number="9" hits="1" branch="false"/>
                            </lines>
                        </method>
                        <method name="&lt;empty&gt;/Matrix/setupMatrix" signature="()V" line-rate="1.00" branch-rate="1.00" complexity="0">
                            <lines>
                                <line number="13" hits="1" branch="false"/>
                                <line number="14" hits="1" branch="false"/>
                                <line number="15" hits="1" branch="false"/>
                                <line number="20" hits="1" branch="false"/>
                                <line number="20" hits="1" branch="false"/>
                                <line number="21" hits="1" branch="false"/>
                                <line number="14" hits="1" branch="false"/>
                                <line number="14" hits="1" branch="false"/>
                                <line number="15" hits="1" branch="false"/>
                                <line number="21" hits="1" branch="false"/>
                            </lines>
                        </method>
                        <method name="&lt;empty&gt;/Matrix/update" signature="()V" line-rate="1.00" branch-rate="1.00" complexity="0">
                            <lines>
                                <line number="8" hits="1" branch="false"/>
                            </lines>
                        </method>
                    </methods>
                    <lines>
                        <line number="13" hits="1" branch="false"/>
                        <line number="14" hits="1" branch="false"/>
                        <line number="15" hits="1" branch="false"/>
                        <line number="5" hits="1" branch="false"/>
                        <line number="7" hits="1" branch="false"/>
                        <line number="20" hits="1" branch="false"/>
                        <line number="5" hits="1" branch="false"/>
                        <line number="20" hits="1" branch="false"/>
                        <line number="21" hits="1" branch="false"/>
                        <line number="9" hits="1" branch="false"/>
                        <line number="14" hits="1" branch="false"/>
                        <line number="5" hits="1" branch="false"/>
                        <line number="14" hits="1" branch="false"/>
                        <line number="5" hits="1" branch="false"/>
                        <line number="15" hits="1" branch="false"/>
                        <line number="21" hits="1" branch="false"/>
                        <line number="8" hits="1" branch="false"/>
                    </lines>
                </class>
                <class name="Memory.RealInputHandler" filename="Memory.scala" line-rate="1.00" branch-rate="1.00" complexity="0">
                    <methods>
                        <method 
                        name="&lt;empty&gt;/RealInputHandler/readLine" signature="()V" line-rate="1.00" branch-rate="1.00" complexity="0">
                            <lines>
                                <line number="66" hits="1" branch="false"/>
                            </lines>
</method>
                    </methods>
                    <lines>
                        <line number="66" hits="1" branch="false"/>
                    </lines>
                </class>
            </classes>
        </package>
    </packages>
</coverage>
